# JRE version: OpenJDK Runtime Environment (8.0_252-b09) (build 1.8.0_252-b09)
# Java VM: OpenJDK 64-Bit Server VM (25.252-b09 mixed mode linux-amd64 compressed oops)
Heap:
 PSYoungGen      total 268288K, used 247534K [0x0000000719580000, 0x000000072cb00000, 0x00000007c0000000)
  eden space 258048K, 95% used [0x0000000719580000,0x000000072873b8a0,0x0000000729180000)
  from space 10240K, 0% used [0x0000000729180000,0x0000000729180000,0x0000000729b80000)
  to   space 16384K, 0% used [0x000000072bb00000,0x000000072bb00000,0x000000072cb00000)
 ParOldGen       total 165888K, used 14524K [0x00000005cc000000, 0x00000005d6200000, 0x0000000719580000)
  object space 165888K, 8% used [0x00000005cc000000,0x00000005cce2f0c8,0x00000005d6200000)
 Metaspace       used 47276K, capacity 49446K, committed 49752K, reserved 1091584K
  class space    used 6540K, capacity 6951K, committed 7040K, reserved 1048576K
GC Heap History (10 events):
Event: 0,872 GC heap before
{Heap before GC invocations=3 (full 0):
 PSYoungGen      total 139264K, used 85796K [0x0000000719580000, 0x0000000722780000, 0x00000007c0000000)
  eden space 129024K, 58% used [0x0000000719580000,0x000000071df5e548,0x0000000721380000)
  from space 10240K, 99% used [0x0000000721d80000,0x000000072276ab58,0x0000000722780000)
  to   space 10240K, 0% used [0x0000000721380000,0x0000000721380000,0x0000000721d80000)
 ParOldGen       total 171008K, used 24K [0x00000005cc000000, 0x00000005d6700000, 0x0000000719580000)
  object space 171008K, 0% used [0x00000005cc000000,0x00000005cc006000,0x00000005d6700000)
 Metaspace       used 20581K, capacity 21172K, committed 21248K, reserved 1067008K
  class space    used 2881K, capacity 3044K, committed 3072K, reserved 1048576K
Event: 0,878 GC heap after
Heap after GC invocations=3 (full 0):
 PSYoungGen      total 139264K, used 10226K [0x0000000719580000, 0x000000072a580000, 0x00000007c0000000)
  eden space 129024K, 0% used [0x0000000719580000,0x0000000719580000,0x0000000721380000)
  from space 10240K, 99% used [0x0000000721380000,0x0000000721d7c9c0,0x0000000721d80000)
  to   space 10240K, 0% used [0x0000000729b80000,0x0000000729b80000,0x000000072a580000)
 ParOldGen       total 171008K, used 1473K [0x00000005cc000000, 0x00000005d6700000, 0x0000000719580000)
  object space 171008K, 0% used [0x00000005cc000000,0x00000005cc170508,0x00000005d6700000)
 Metaspace       used 20581K, capacity 21172K, committed 21248K, reserved 1067008K
  class space    used 2881K, capacity 3044K, committed 3072K, reserved 1048576K
}
Event: 0,878 GC heap before
{Heap before GC invocations=4 (full 1):
 PSYoungGen      total 139264K, used 10226K [0x0000000719580000, 0x000000072a580000, 0x00000007c0000000)
  eden space 129024K, 0% used [0x0000000719580000,0x0000000719580000,0x0000000721380000)
  from space 10240K, 99% used [0x0000000721380000,0x0000000721d7c9c0,0x0000000721d80000)
  to   space 10240K, 0% used [0x0000000729b80000,0x0000000729b80000,0x000000072a580000)
 ParOldGen       total 171008K, used 1473K [0x00000005cc000000, 0x00000005d6700000, 0x0000000719580000)
  object space 171008K, 0% used [0x00000005cc000000,0x00000005cc170508,0x00000005d6700000)
 Metaspace       used 20581K, capacity 21172K, committed 21248K, reserved 1067008K
  class space    used 2881K, capacity 3044K, committed 3072K, reserved 1048576K
Event: 0,903 GC heap after
Heap after GC invocations=4 (full 1):
 PSYoungGen      total 139264K, used 0K [0x0000000719580000, 0x000000072a580000, 0x00000007c0000000)
  eden space 129024K, 0% used [0x0000000719580000,0x0000000719580000,0x0000000721380000)
  from space 10240K, 0% used [0x0000000721380000,0x0000000721380000,0x0000000721d80000)
  to   space 10240K, 0% used [0x0000000729b80000,0x0000000729b80000,0x000000072a580000)
 ParOldGen       total 113664K, used 11159K [0x00000005cc000000, 0x00000005d2f00000, 0x0000000719580000)
  object space 113664K, 9% used [0x00000005cc000000,0x00000005ccae5c70,0x00000005d2f00000)
 Metaspace       used 20581K, capacity 21172K, committed 21248K, reserved 1067008K
  class space    used 2881K, capacity 3044K, committed 3072K, reserved 1048576K
}
Event: 1,497 GC heap before
{Heap before GC invocations=5 (full 1):
 PSYoungGen      total 139264K, used 129024K [0x0000000719580000, 0x000000072a580000, 0x00000007c0000000)
  eden space 129024K, 100% used [0x0000000719580000,0x0000000721380000,0x0000000721380000)
  from space 10240K, 0% used [0x0000000721380000,0x0000000721380000,0x0000000721d80000)
  to   space 10240K, 0% used [0x0000000729b80000,0x0000000729b80000,0x000000072a580000)
 ParOldGen       total 113664K, used 11159K [0x00000005cc000000, 0x00000005d2f00000, 0x0000000719580000)
  object space 113664K, 9% used [0x00000005cc000000,0x00000005ccae5c70,0x00000005d2f00000)
 Metaspace       used 33611K, capacity 34686K, committed 34944K, reserved 1079296K
  class space    used 4633K, capacity 4870K, committed 4992K, reserved 1048576K
Event: 1,504 GC heap after
Heap after GC invocations=5 (full 1):
 PSYoungGen      total 192000K, used 10218K [0x0000000719580000, 0x000000072a580000, 0x00000007c0000000)
  eden space 181760K, 0% used [0x0000000719580000,0x0000000719580000,0x0000000724700000)
  from space 10240K, 99% used [0x0000000729b80000,0x000000072a57a838,0x000000072a580000)
  to   space 10240K, 0% used [0x0000000729180000,0x0000000729180000,0x0000000729b80000)
 ParOldGen       total 113664K, used 14999K [0x00000005cc000000, 0x00000005d2f00000, 0x0000000719580000)
  object space 113664K, 13% used [0x00000005cc000000,0x00000005ccea5e78,0x00000005d2f00000)
 Metaspace       used 33611K, capacity 34686K, committed 34944K, reserved 1079296K
  class space    used 4633K, capacity 4870K, committed 4992K, reserved 1048576K
}
Event: 1,539 GC heap before
{Heap before GC invocations=6 (full 1):
 PSYoungGen      total 192000K, used 22378K [0x0000000719580000, 0x000000072a580000, 0x00000007c0000000)
  eden space 181760K, 6% used [0x0000000719580000,0x000000071a160250,0x0000000724700000)
  from space 10240K, 99% used [0x0000000729b80000,0x000000072a57a838,0x000000072a580000)
  to   space 10240K, 0% used [0x0000000729180000,0x0000000729180000,0x0000000729b80000)
 ParOldGen       total 113664K, used 14999K [0x00000005cc000000, 0x00000005d2f00000, 0x0000000719580000)
  object space 113664K, 13% used [0x00000005cc000000,0x00000005ccea5e78,0x00000005d2f00000)
 Metaspace       used 34258K, capacity 35336K, committed 35416K, reserved 1079296K
  class space    used 4720K, capacity 4975K, committed 4992K, reserved 1048576K
Event: 1,542 GC heap after
Heap after GC invocations=6 (full 1):
 PSYoungGen      total 268288K, used 6736K [0x0000000719580000, 0x000000072cb00000, 0x00000007c0000000)
  eden space 258048K, 0% used [0x0000000719580000,0x0000000719580000,0x0000000729180000)
  from space 10240K, 65% used [0x0000000729180000,0x0000000729814330,0x0000000729b80000)
  to   space 16384K, 0% used [0x000000072bb00000,0x000000072bb00000,0x000000072cb00000)
 ParOldGen       total 113664K, used 15007K [0x00000005cc000000, 0x00000005d2f00000, 0x0000000719580000)
  object space 113664K, 13% used [0x00000005cc000000,0x00000005ccea7e78,0x00000005d2f00000)
 Metaspace       used 34258K, capacity 35336K, committed 35416K, reserved 1079296K
  class space    used 4720K, capacity 4975K, committed 4992K, reserved 1048576K
}
Event: 1,542 GC heap before
{Heap before GC invocations=7 (full 2):
 PSYoungGen      total 268288K, used 6736K [0x0000000719580000, 0x000000072cb00000, 0x00000007c0000000)
  eden space 258048K, 0% used [0x0000000719580000,0x0000000719580000,0x0000000729180000)
  from space 10240K, 65% used [0x0000000729180000,0x0000000729814330,0x0000000729b80000)
  to   space 16384K, 0% used [0x000000072bb00000,0x000000072bb00000,0x000000072cb00000)
 ParOldGen       total 113664K, used 15007K [0x00000005cc000000, 0x00000005d2f00000, 0x0000000719580000)
  object space 113664K, 13% used [0x00000005cc000000,0x00000005ccea7e78,0x00000005d2f00000)
 Metaspace       used 34258K, capacity 35336K, committed 35416K, reserved 1079296K
  class space    used 4720K, capacity 4975K, committed 4992K, reserved 1048576K
Event: 1,564 GC heap after
Heap after GC invocations=7 (full 2):
 PSYoungGen      total 268288K, used 0K [0x0000000719580000, 0x000000072cb00000, 0x00000007c0000000)
  eden space 258048K, 0% used [0x0000000719580000,0x0000000719580000,0x0000000729180000)
  from space 10240K, 0% used [0x0000000729180000,0x0000000729180000,0x0000000729b80000)
  to   space 16384K, 0% used [0x000000072bb00000,0x000000072bb00000,0x000000072cb00000)
 ParOldGen       total 165888K, used 14524K [0x00000005cc000000, 0x00000005d6200000, 0x0000000719580000)
  object space 165888K, 8% used [0x00000005cc000000,0x00000005cce2f0c8,0x00000005d6200000)
 Metaspace       used 34258K, capacity 35336K, committed 35416K, reserved 1079296K
  class space    used 4720K, capacity 4975K, committed 4992K, reserved 1048576K
}

