# JRE version: OpenJDK Runtime Environment (8.0_252-b09) (build 1.8.0_252-b09)
# Java VM: OpenJDK 64-Bit Server VM (25.252-b09 mixed mode linux-amd64 compressed oops)
Heap:
 PSYoungGen      total 139264K, used 24250K [0x0000000719580000, 0x0000000722780000, 0x00000007c0000000)
  eden space 129024K, 11% used [0x0000000719580000,0x000000071a373708,0x0000000721380000)
  from space 10240K, 97% used [0x0000000721d80000,0x000000072273b278,0x0000000722780000)
  to   space 10240K, 0% used [0x0000000721380000,0x0000000721380000,0x0000000721d80000)
 ParOldGen       total 171008K, used 24K [0x00000005cc000000, 0x00000005d6700000, 0x0000000719580000)
  object space 171008K, 0% used [0x00000005cc000000,0x00000005cc006000,0x00000005d6700000)
 Metaspace       used 16073K, capacity 16646K, committed 16768K, reserved 1062912K
  class space    used 2153K, capacity 2345K, committed 2432K, reserved 1048576K
GC Heap History (4 events):
Event: 0,355 GC heap before
{Heap before GC invocations=1 (full 0):
 PSYoungGen      total 74752K, used 64512K [0x0000000719580000, 0x000000071e880000, 0x00000007c0000000)
  eden space 64512K, 100% used [0x0000000719580000,0x000000071d480000,0x000000071d480000)
  from space 10240K, 0% used [0x000000071de80000,0x000000071de80000,0x000000071e880000)
  to   space 10240K, 0% used [0x000000071d480000,0x000000071d480000,0x000000071de80000)
 ParOldGen       total 171008K, used 0K [0x00000005cc000000, 0x00000005d6700000, 0x0000000719580000)
  object space 171008K, 0% used [0x00000005cc000000,0x00000005cc000000,0x00000005d6700000)
 Metaspace       used 7891K, capacity 8150K, committed 8320K, reserved 1056768K
  class space    used 992K, capacity 1077K, committed 1152K, reserved 1048576K
Event: 0,359 GC heap after
Heap after GC invocations=1 (full 0):
 PSYoungGen      total 74752K, used 6185K [0x0000000719580000, 0x0000000722780000, 0x00000007c0000000)
  eden space 64512K, 0% used [0x0000000719580000,0x0000000719580000,0x000000071d480000)
  from space 10240K, 60% used [0x000000071d480000,0x000000071da8a558,0x000000071de80000)
  to   space 10240K, 0% used [0x0000000721d80000,0x0000000721d80000,0x0000000722780000)
 ParOldGen       total 171008K, used 16K [0x00000005cc000000, 0x00000005d6700000, 0x0000000719580000)
  object space 171008K, 0% used [0x00000005cc000000,0x00000005cc004000,0x00000005d6700000)
 Metaspace       used 7891K, capacity 8150K, committed 8320K, reserved 1056768K
  class space    used 992K, capacity 1077K, committed 1152K, reserved 1048576K
}
Event: 0,635 GC heap before
{Heap before GC invocations=2 (full 0):
 PSYoungGen      total 74752K, used 70697K [0x0000000719580000, 0x0000000722780000, 0x00000007c0000000)
  eden space 64512K, 100% used [0x0000000719580000,0x000000071d480000,0x000000071d480000)
  from space 10240K, 60% used [0x000000071d480000,0x000000071da8a558,0x000000071de80000)
  to   space 10240K, 0% used [0x0000000721d80000,0x0000000721d80000,0x0000000722780000)
 ParOldGen       total 171008K, used 16K [0x00000005cc000000, 0x00000005d6700000, 0x0000000719580000)
  object space 171008K, 0% used [0x00000005cc000000,0x00000005cc004000,0x00000005d6700000)
 Metaspace       used 15655K, capacity 16226K, committed 16384K, reserved 1062912K
  class space    used 2065K, capacity 2247K, committed 2304K, reserved 1048576K
Event: 0,640 GC heap after
Heap after GC invocations=2 (full 0):
 PSYoungGen      total 139264K, used 9964K [0x0000000719580000, 0x0000000722780000, 0x00000007c0000000)
  eden space 129024K, 0% used [0x0000000719580000,0x0000000719580000,0x0000000721380000)
  from space 10240K, 97% used [0x0000000721d80000,0x000000072273b278,0x0000000722780000)
  to   space 10240K, 0% used [0x0000000721380000,0x0000000721380000,0x0000000721d80000)
 ParOldGen       total 171008K, used 24K [0x00000005cc000000, 0x00000005d6700000, 0x0000000719580000)
  object space 171008K, 0% used [0x00000005cc000000,0x00000005cc006000,0x00000005d6700000)
 Metaspace       used 15655K, capacity 16226K, committed 16384K, reserved 1062912K
  class space    used 2065K, capacity 2247K, committed 2304K, reserved 1048576K
}

