# JRE version: OpenJDK Runtime Environment (8.0_242) (build 1.8.0_242-release-1644-b3-6222593)
# Java VM: OpenJDK 64-Bit Server VM (25.242-b3-6222593 mixed mode linux-amd64 compressed oops)
Heap:
 PSYoungGen      total 139264K, used 27560K [0x0000000719580000, 0x0000000722780000, 0x00000007c0000000)
  eden space 129024K, 13% used [0x0000000719580000,0x000000071a6d1098,0x0000000721380000)
  from space 10240K, 95% used [0x0000000721d80000,0x00000007227192f0,0x0000000722780000)
  to   space 10240K, 0% used [0x0000000721380000,0x0000000721380000,0x0000000721d80000)
 ParOldGen       total 171008K, used 24K [0x00000005cc000000, 0x00000005d6700000, 0x0000000719580000)
  object space 171008K, 0% used [0x00000005cc000000,0x00000005cc006000,0x00000005d6700000)
 Metaspace       used 16475K, capacity 17066K, committed 17280K, reserved 1064960K
  class space    used 2207K, capacity 2375K, committed 2432K, reserved 1048576K
GC Heap History (4 events):
Event: 0,314 GC heap before
{Heap before GC invocations=1 (full 0):
 PSYoungGen      total 74752K, used 64512K [0x0000000719580000, 0x000000071e880000, 0x00000007c0000000)
  eden space 64512K, 100% used [0x0000000719580000,0x000000071d480000,0x000000071d480000)
  from space 10240K, 0% used [0x000000071de80000,0x000000071de80000,0x000000071e880000)
  to   space 10240K, 0% used [0x000000071d480000,0x000000071d480000,0x000000071de80000)
 ParOldGen       total 171008K, used 0K [0x00000005cc000000, 0x00000005d6700000, 0x0000000719580000)
  object space 171008K, 0% used [0x00000005cc000000,0x00000005cc000000,0x00000005d6700000)
 Metaspace       used 7888K, capacity 8150K, committed 8320K, reserved 1056768K
  class space    used 992K, capacity 1077K, committed 1152K, reserved 1048576K
Event: 0,319 GC heap after
Heap after GC invocations=1 (full 0):
 PSYoungGen      total 74752K, used 6155K [0x0000000719580000, 0x0000000722780000, 0x00000007c0000000)
  eden space 64512K, 0% used [0x0000000719580000,0x0000000719580000,0x000000071d480000)
  from space 10240K, 60% used [0x000000071d480000,0x000000071da82ca8,0x000000071de80000)
  to   space 10240K, 0% used [0x0000000721d80000,0x0000000721d80000,0x0000000722780000)
 ParOldGen       total 171008K, used 16K [0x00000005cc000000, 0x00000005d6700000, 0x0000000719580000)
  object space 171008K, 0% used [0x00000005cc000000,0x00000005cc004000,0x00000005d6700000)
 Metaspace       used 7888K, capacity 8150K, committed 8320K, reserved 1056768K
  class space    used 992K, capacity 1077K, committed 1152K, reserved 1048576K
}
Event: 0,608 GC heap before
{Heap before GC invocations=2 (full 0):
 PSYoungGen      total 74752K, used 70667K [0x0000000719580000, 0x0000000722780000, 0x00000007c0000000)
  eden space 64512K, 100% used [0x0000000719580000,0x000000071d480000,0x000000071d480000)
  from space 10240K, 60% used [0x000000071d480000,0x000000071da82ca8,0x000000071de80000)
  to   space 10240K, 0% used [0x0000000721d80000,0x0000000721d80000,0x0000000722780000)
 ParOldGen       total 171008K, used 16K [0x00000005cc000000, 0x00000005d6700000, 0x0000000719580000)
  object space 171008K, 0% used [0x00000005cc000000,0x00000005cc004000,0x00000005d6700000)
 Metaspace       used 15523K, capacity 16158K, committed 16384K, reserved 1062912K
  class space    used 2028K, capacity 2203K, committed 2304K, reserved 1048576K
Event: 0,614 GC heap after
Heap after GC invocations=2 (full 0):
 PSYoungGen      total 139264K, used 9828K [0x0000000719580000, 0x0000000722780000, 0x00000007c0000000)
  eden space 129024K, 0% used [0x0000000719580000,0x0000000719580000,0x0000000721380000)
  from space 10240K, 95% used [0x0000000721d80000,0x00000007227192f0,0x0000000722780000)
  to   space 10240K, 0% used [0x0000000721380000,0x0000000721380000,0x0000000721d80000)
 ParOldGen       total 171008K, used 24K [0x00000005cc000000, 0x00000005d6700000, 0x0000000719580000)
  object space 171008K, 0% used [0x00000005cc000000,0x00000005cc006000,0x00000005d6700000)
 Metaspace       used 15523K, capacity 16158K, committed 16384K, reserved 1062912K
  class space    used 2028K, capacity 2203K, committed 2304K, reserved 1048576K
}

